<?xml version="1.0" encoding="UTF-8"?>
<!-- Generated by org.testng.reporters.JUnitXMLReporter -->
<testsuite hostname="LAPTOP-8BGFE0TE" ignored="0" name="TC005_HardAssertion" tests="2" failures="1" timestamp="18 May 2021 17:03:59 GMT" time="0.005" errors="0">
  <testcase name="verifyValUsingAssetion" time="0.001" classname="SmokeSuite.TC005_HardAssertion">
    <failure type="java.lang.AssertionError" message="*****************Button is missing******************* expected [true] but found [false]">
      <![CDATA[java.lang.AssertionError: *****************Button is missing******************* expected [true] but found [false]
at SmokeSuite.TC005_HardAssertion.verifyValUsingAssetion(TC005_HardAssertion.java:18)
... Removed 29 stack frames]]>
    </failure>
  </testcase> <!-- verifyValUsingAssetion -->
  <testcase name="displayMessage" time="0.0" classname="SmokeSuite.TC005_HardAssertion"/>
</testsuite> <!-- TC005_HardAssertion -->
