<?xml version="1.0" encoding="UTF-8"?>
<!-- Generated by org.testng.reporters.JUnitXMLReporter -->
<testsuite hostname="LAPTOP-8BGFE0TE" ignored="0" name="TC006_SoftAssertionConcept" tests="1" failures="1" timestamp="18 May 2021 17:03:59 GMT" time="0.009" errors="0">
  <testcase name="verifyValUsingAssetion" time="0.006" classname="SmokeSuite.TC006_SoftAssertionConcept">
    <failure type="java.lang.AssertionError" message="The following asserts failed:
	expected [10] but found [5]">
      <![CDATA[java.lang.AssertionError: The following asserts failed:
expected [10] but found [5]
at SmokeSuite.TC006_SoftAssertionConcept.verifyValUsingAssetion(TC006_SoftAssertionConcept.java:20)
... Removed 27 stack frames]]>
    </failure>
  </testcase> <!-- verifyValUsingAssetion -->
</testsuite> <!-- TC006_SoftAssertionConcept -->
